<?xml version="1.0" encoding="UTF-8"?>
<!-- Generated by org.testng.reporters.JUnitReportReporter -->
<testsuite hostname="USER-PC" name="Moolya.CashE.testCases.Dummy" tests="4" failures="0" timestamp="21 Jun 2016 08:10:57 GMT" time="4.300" errors="0">
  <testcase name="helloLoginTest" time="3.770" classname="Moolya.CashE.testCases.Dummy"/>
  <testcase name="loginLogin2Test" time="0.131" classname="Moolya.CashE.testCases.Dummy"/>
  <testcase name="helloSignupTest" time="0.261" classname="Moolya.CashE.testCases.Dummy"/>
  <testcase name="signUpLoginTest" time="0.138" classname="Moolya.CashE.testCases.Dummy"/>
</testsuite> <!-- Moolya.CashE.testCases.Dummy -->
