<?xml version="1.0" encoding="UTF-8"?>
<!-- Generated by org.testng.reporters.JUnitReportReporter -->
<testsuite hostname="USER-PC" name="Moolya.CashE.testCases.Sample" tests="1" failures="0" timestamp="28 Jun 2016 05:56:15 GMT" time="1.121" errors="1">
  <testcase name="demoTest" time="1.121" classname="Moolya.CashE.testCases.Sample">
    <error type="org.xeustechnologies.googleapi.spelling.SpellCheckException" message="java.io.FileNotFoundException: https://www.google.com/tbproxy/spell?lang=en&amp;hl=en">
      <![CDATA[org.xeustechnologies.googleapi.spelling.SpellCheckException: java.io.FileNotFoundException: https://www.google.com/tbproxy/spell?lang=en&hl=en
	at org.xeustechnologies.googleapi.spelling.SpellChecker.check(SpellChecker.java:118)
	at org.xeustechnologies.googleapi.spelling.SpellChecker.check(SpellChecker.java:70)
	at Moolya.CashE.testCases.Sample.demoTest(Sample.java:13)
	at sun.reflect.NativeMethodAccessorImpl.invoke0(Native Method)
	at sun.reflect.NativeMethodAccessorImpl.invoke(NativeMethodAccessorImpl.java:62)
	at sun.reflect.DelegatingMethodAccessorImpl.invoke(DelegatingMethodAccessorImpl.java:43)
	at java.lang.reflect.Method.invoke(Method.java:498)
	at org.testng.internal.MethodInvocationHelper.invokeMethod(MethodInvocationHelper.java:86)
	at org.testng.internal.Invoker.invokeMethod(Invoker.java:643)
	at org.testng.internal.Invoker.invokeTestMethod(Invoker.java:820)
	at org.testng.internal.Invoker.invokeTestMethods(Invoker.java:1128)
	at org.testng.internal.TestMethodWorker.invokeTestMethods(TestMethodWorker.java:129)
	at org.testng.internal.TestMethodWorker.run(TestMethodWorker.java:112)
	at org.testng.TestRunner.privateRun(TestRunner.java:782)
	at org.testng.TestRunner.run(TestRunner.java:632)
	at org.testng.SuiteRunner.runTest(SuiteRunner.java:366)
	at org.testng.SuiteRunner.runSequentially(SuiteRunner.java:361)
	at org.testng.SuiteRunner.privateRun(SuiteRunner.java:319)
	at org.testng.SuiteRunner.run(SuiteRunner.java:268)
	at org.testng.SuiteRunnerWorker.runSuite(SuiteRunnerWorker.java:52)
	at org.testng.SuiteRunnerWorker.run(SuiteRunnerWorker.java:86)
	at org.testng.TestNG.runSuitesSequentially(TestNG.java:1244)
	at org.testng.TestNG.runSuitesLocally(TestNG.java:1169)
	at org.testng.TestNG.run(TestNG.java:1064)
	at org.testng.remote.AbstractRemoteTestNG.run(AbstractRemoteTestNG.java:126)
	at org.testng.remote.RemoteTestNG.initAndRun(RemoteTestNG.java:137)
	at org.testng.remote.RemoteTestNG.main(RemoteTestNG.java:58)
Caused by: java.io.FileNotFoundException: https://www.google.com/tbproxy/spell?lang=en&hl=en
	at sun.net.www.protocol.http.HttpURLConnection.getInputStream0(HttpURLConnection.java:1836)
	at sun.net.www.protocol.http.HttpURLConnection.getInputStream(HttpURLConnection.java:1441)
	at sun.net.www.protocol.https.HttpsURLConnectionImpl.getInputStream(HttpsURLConnectionImpl.java:254)
	at org.xeustechnologies.googleapi.spelling.SpellChecker.check(SpellChecker.java:103)
	... 26 more
]]>
    </error>
  </testcase> <!-- demoTest -->
</testsuite> <!-- Moolya.CashE.testCases.Sample -->
