<?xml version="1.0" encoding="UTF-8"?>
<!-- Generated by org.testng.reporters.JUnitReportReporter -->
<testsuite hostname="Yatheendra-PC" name="moolya.hungama.tests.Dummy" tests="1" failures="0" timestamp="30 Nov 2016 06:25:09 GMT" time="45.520" errors="0">
  <testcase name="test1" time="45.520" classname="moolya.hungama.tests.Dummy"/>
</testsuite> <!-- moolya.hungama.tests.Dummy -->
