<?xml version="1.0" encoding="UTF-8"?>
<!-- Generated by org.testng.reporters.JUnitReportReporter -->
<testsuite hostname="Yatheendra-PC" name="moolya.strikingly.webTest.WebLoginTest" tests="3" failures="0" timestamp="11 Nov 2016 09:00:07 GMT" time="63.397" errors="0">
  <testcase name="webGmailLoginTest" time="32.132" classname="moolya.strikingly.webTest.WebLoginTest"/>
  <testcase name="webLnLoginTest" time="11.976" classname="moolya.strikingly.webTest.WebLoginTest"/>
  <testcase name="webFbLoginTest" time="19.289" classname="moolya.strikingly.webTest.WebLoginTest"/>
</testsuite> <!-- moolya.strikingly.webTest.WebLoginTest -->
