<?xml version="1.0" encoding="UTF-8"?>
<!-- Generated by org.testng.reporters.JUnitReportReporter -->
<testsuite hostname="Yatheendra-PC" name="moolya.strikingly.mobileTest.MobileLoginTest" tests="3" failures="0" timestamp="13 Nov 2016 06:25:59 GMT" time="146.914" errors="0">
  <testcase name="webGmailLoginTest" time="61.761" classname="moolya.strikingly.mobileTest.MobileLoginTest"/>
  <testcase name="webFbLoginTest" time="51.288" classname="moolya.strikingly.mobileTest.MobileLoginTest"/>
  <testcase name="webLnLoginTest" time="33.865" classname="moolya.strikingly.mobileTest.MobileLoginTest"/>
</testsuite> <!-- moolya.strikingly.mobileTest.MobileLoginTest -->
