<?xml version="1.0" encoding="UTF-8"?>
<!-- Generated by org.testng.reporters.JUnitReportReporter -->
<testsuite hostname="Yatheendra-PC" name="moolya.bookMyShow.tests.mobileTests.DemoTest" tests="4" failures="0" timestamp="12 Oct 2016 12:17:37 GMT" time="78.535" errors="0">
  <testcase name="loginTest" time="30.578" classname="moolya.bookMyShow.tests.mobileTests.DemoTest"/>
  <testcase name="removeFavoriteTest" time="14.551" classname="moolya.bookMyShow.tests.mobileTests.DemoTest"/>
  <testcase name="logoutTest" time="11.068" classname="moolya.bookMyShow.tests.mobileTests.DemoTest"/>
  <testcase name="addFavoriteVenueTest" time="22.338" classname="moolya.bookMyShow.tests.mobileTests.DemoTest"/>
</testsuite> <!-- moolya.bookMyShow.tests.mobileTests.DemoTest -->
