<?xml version="1.0" encoding="UTF-8"?>
<!-- Generated by org.testng.reporters.JUnitReportReporter -->
<testsuite hostname="Yatheendra-PC" name="moolya.bookMyShow.tests.mobileTests.LoginTest" tests="1" failures="0" timestamp="12 Oct 2016 11:35:52 GMT" time="27.816" errors="0">
  <testcase name="loginTest" time="27.816" classname="moolya.bookMyShow.tests.mobileTests.LoginTest"/>
</testsuite> <!-- moolya.bookMyShow.tests.mobileTests.LoginTest -->
