<?xml version="1.0" encoding="UTF-8"?>
<!-- Generated by org.testng.reporters.JUnitReportReporter -->
<testsuite hostname="Yatheendra-PC" name="moolya.bookMyShow.tests.webAndMobileTests.CreditCardTest" tests="2" failures="0" timestamp="17 Oct 2016 10:16:13 GMT" time="152.854" errors="0">
  <testcase name="removeCreditCardFromWebTest" time="34.299" classname="moolya.bookMyShow.tests.webAndMobileTests.CreditCardTest"/>
  <testcase name="addcreditCardInMobileTest" time="118.555" classname="moolya.bookMyShow.tests.webAndMobileTests.CreditCardTest"/>
</testsuite> <!-- moolya.bookMyShow.tests.webAndMobileTests.CreditCardTest -->
