<?xml version="1.0" encoding="UTF-8"?>
<!-- Generated by org.testng.reporters.JUnitReportReporter -->
<testsuite hostname="USER-PC" name="testapp.Edelweiss" tests="3" failures="0" timestamp="4 Jul 2016 10:32:46 GMT" time="68.010" errors="0">
  <testcase name="buyTrade" time="39.389" classname="testapp.Edelweiss"/>
  <testcase name="buyTrade" time="19.661" classname="testapp.Edelweiss"/>
  <testcase name="buyTrade" time="8.960" classname="testapp.Edelweiss"/>
</testsuite> <!-- testapp.Edelweiss -->
