<?xml version="1.0" encoding="UTF-8"?>
<!-- Generated by org.testng.reporters.JUnitReportReporter -->
<testsuite hostname="Yatheendra-PC" name="moolya.bookMyShow.tests.Dummy.Class2" tests="2" failures="0" timestamp="21 Nov 2016 09:50:28 GMT" time="0.010" errors="0">
  <testcase name="test1" time="0.009" classname="moolya.bookMyShow.tests.Dummy.Class2"/>
  <testcase name="test2" time="0.001" classname="moolya.bookMyShow.tests.Dummy.Class2"/>
</testsuite> <!-- moolya.bookMyShow.tests.Dummy.Class2 -->
