<?xml version="1.0" encoding="UTF-8"?>
<!-- Generated by org.testng.reporters.JUnitReportReporter -->
<testsuite hostname="USER-PC" name="moolya.framework.testCases.module1.Test1" tests="1" failures="0" timestamp="16 Aug 2016 08:55:43 GMT" time="0.000" errors="0">
  <testcase name="test1" time="0.000" classname="moolya.framework.testCases.module1.Test1"/>
</testsuite> <!-- moolya.framework.testCases.module1.Test1 -->
