<?xml version="1.0" encoding="UTF-8"?>
<!-- Generated by org.testng.reporters.JUnitReportReporter -->
<testsuite hostname="USER-PC" name="moolya.framework.testCases.module2.Test2" tests="1" failures="0" timestamp="16 Aug 2016 08:55:43 GMT" time="0.001" errors="0">
  <testcase name="test2" time="0.001" classname="moolya.framework.testCases.module2.Test2"/>
</testsuite> <!-- moolya.framework.testCases.module2.Test2 -->
